# JRE version: Java(TM) SE Runtime Environment (17.0.6+9) (build 17.0.6+9-LTS-190)
# Java VM: Java HotSpot(TM) 64-Bit Server VM (17.0.6+9-LTS-190, mixed mode, sharing, tiered, compressed oops, compressed class ptrs, g1 gc, windows-amd64)
GC Precious Log:
 CPUs: 4 total, 4 available
 Memory: 7109M
 Large Page Support: Disabled
 NUMA Support: Disabled
 Compressed Oops: Enabled (32-bit)
 Heap Region Size: 1M
 Heap Min Capacity: 8M
 Heap Initial Capacity: 112M
 Heap Max Capacity: 1778M
 Pre-touch: Disabled
 Parallel Workers: 4
 Concurrent Workers: 1
 Concurrent Refinement Workers: 4
 Periodic GC: Disabled
Heap:
 garbage-first heap   total 119808K, used 63940K [0x0000000090e00000, 0x0000000100000000)
  region size 1024K, 33 young (33792K), 1 survivors (1024K)
 Metaspace       used 77447K, committed 79680K, reserved 1122304K
  class space    used 9641K, committed 10176K, reserved 1048576K
GC Heap History (20 events):
Event: 41776.881 GC heap before
{Heap before GC invocations=287 (full 5):
 garbage-first heap   total 133120K, used 110961K [0x0000000090e00000, 0x0000000100000000)
  region size 1024K, 78 young (79872K), 1 survivors (1024K)
 Metaspace       used 77444K, committed 79680K, reserved 1122304K
  class space    used 9641K, committed 10176K, reserved 1048576K
}
Event: 41776.884 GC heap after
{Heap after GC invocations=288 (full 5):
 garbage-first heap   total 133120K, used 33154K [0x0000000090e00000, 0x0000000100000000)
  region size 1024K, 1 young (1024K), 1 survivors (1024K)
 Metaspace       used 77444K, committed 79680K, reserved 1122304K
  class space    used 9641K, committed 10176K, reserved 1048576K
}
Event: 41784.708 GC heap before
{Heap before GC invocations=289 (full 5):
 garbage-first heap   total 119808K, used 102786K [0x0000000090e00000, 0x0000000100000000)
  region size 1024K, 70 young (71680K), 1 survivors (1024K)
 Metaspace       used 77444K, committed 79680K, reserved 1122304K
  class space    used 9641K, committed 10176K, reserved 1048576K
}
Event: 41784.714 GC heap after
{Heap after GC invocations=290 (full 5):
 garbage-first heap   total 119808K, used 33167K [0x0000000090e00000, 0x0000000100000000)
  region size 1024K, 1 young (1024K), 1 survivors (1024K)
 Metaspace       used 77444K, committed 79680K, reserved 1122304K
  class space    used 9641K, committed 10176K, reserved 1048576K
}
Event: 41784.988 GC heap before
{Heap before GC invocations=290 (full 5):
 garbage-first heap   total 119808K, used 36239K [0x0000000090e00000, 0x0000000100000000)
  region size 1024K, 5 young (5120K), 1 survivors (1024K)
 Metaspace       used 77444K, committed 79680K, reserved 1122304K
  class space    used 9641K, committed 10176K, reserved 1048576K
}
Event: 41784.992 GC heap after
{Heap after GC invocations=291 (full 5):
 garbage-first heap   total 119808K, used 33156K [0x0000000090e00000, 0x0000000100000000)
  region size 1024K, 1 young (1024K), 1 survivors (1024K)
 Metaspace       used 77444K, committed 79680K, reserved 1122304K
  class space    used 9641K, committed 10176K, reserved 1048576K
}
Event: 41788.234 GC heap before
{Heap before GC invocations=291 (full 5):
 garbage-first heap   total 119808K, used 102788K [0x0000000090e00000, 0x0000000100000000)
  region size 1024K, 70 young (71680K), 1 survivors (1024K)
 Metaspace       used 77444K, committed 79680K, reserved 1122304K
  class space    used 9641K, committed 10176K, reserved 1048576K
}
Event: 41788.238 GC heap after
{Heap after GC invocations=292 (full 5):
 garbage-first heap   total 119808K, used 33167K [0x0000000090e00000, 0x0000000100000000)
  region size 1024K, 1 young (1024K), 1 survivors (1024K)
 Metaspace       used 77444K, committed 79680K, reserved 1122304K
  class space    used 9641K, committed 10176K, reserved 1048576K
}
Event: 41791.713 GC heap before
{Heap before GC invocations=292 (full 5):
 garbage-first heap   total 119808K, used 102799K [0x0000000090e00000, 0x0000000100000000)
  region size 1024K, 70 young (71680K), 1 survivors (1024K)
 Metaspace       used 77444K, committed 79680K, reserved 1122304K
  class space    used 9641K, committed 10176K, reserved 1048576K
}
Event: 41791.716 GC heap after
{Heap after GC invocations=293 (full 5):
 garbage-first heap   total 119808K, used 33159K [0x0000000090e00000, 0x0000000100000000)
  region size 1024K, 1 young (1024K), 1 survivors (1024K)
 Metaspace       used 77444K, committed 79680K, reserved 1122304K
  class space    used 9641K, committed 10176K, reserved 1048576K
}
Event: 41794.765 GC heap before
{Heap before GC invocations=293 (full 5):
 garbage-first heap   total 119808K, used 102791K [0x0000000090e00000, 0x0000000100000000)
  region size 1024K, 70 young (71680K), 1 survivors (1024K)
 Metaspace       used 77444K, committed 79680K, reserved 1122304K
  class space    used 9641K, committed 10176K, reserved 1048576K
}
Event: 41794.769 GC heap after
{Heap after GC invocations=294 (full 5):
 garbage-first heap   total 119808K, used 33173K [0x0000000090e00000, 0x0000000100000000)
  region size 1024K, 1 young (1024K), 1 survivors (1024K)
 Metaspace       used 77444K, committed 79680K, reserved 1122304K
  class space    used 9641K, committed 10176K, reserved 1048576K
}
Event: 41799.029 GC heap before
{Heap before GC invocations=295 (full 5):
 garbage-first heap   total 119808K, used 102805K [0x0000000090e00000, 0x0000000100000000)
  region size 1024K, 70 young (71680K), 1 survivors (1024K)
 Metaspace       used 77444K, committed 79680K, reserved 1122304K
  class space    used 9641K, committed 10176K, reserved 1048576K
}
Event: 41799.033 GC heap after
{Heap after GC invocations=296 (full 5):
 garbage-first heap   total 119808K, used 33170K [0x0000000090e00000, 0x0000000100000000)
  region size 1024K, 1 young (1024K), 1 survivors (1024K)
 Metaspace       used 77444K, committed 79680K, reserved 1122304K
  class space    used 9641K, committed 10176K, reserved 1048576K
}
Event: 41799.437 GC heap before
{Heap before GC invocations=296 (full 5):
 garbage-first heap   total 119808K, used 36242K [0x0000000090e00000, 0x0000000100000000)
  region size 1024K, 5 young (5120K), 1 survivors (1024K)
 Metaspace       used 77444K, committed 79680K, reserved 1122304K
  class space    used 9641K, committed 10176K, reserved 1048576K
}
Event: 41799.449 GC heap after
{Heap after GC invocations=297 (full 5):
 garbage-first heap   total 119808K, used 33181K [0x0000000090e00000, 0x0000000100000000)
  region size 1024K, 1 young (1024K), 1 survivors (1024K)
 Metaspace       used 77444K, committed 79680K, reserved 1122304K
  class space    used 9641K, committed 10176K, reserved 1048576K
}
Event: 41807.097 GC heap before
{Heap before GC invocations=297 (full 5):
 garbage-first heap   total 119808K, used 102813K [0x0000000090e00000, 0x0000000100000000)
  region size 1024K, 70 young (71680K), 1 survivors (1024K)
 Metaspace       used 77444K, committed 79680K, reserved 1122304K
  class space    used 9641K, committed 10176K, reserved 1048576K
}
Event: 41807.100 GC heap after
{Heap after GC invocations=298 (full 5):
 garbage-first heap   total 119808K, used 33278K [0x0000000090e00000, 0x0000000100000000)
  region size 1024K, 1 young (1024K), 1 survivors (1024K)
 Metaspace       used 77444K, committed 79680K, reserved 1122304K
  class space    used 9641K, committed 10176K, reserved 1048576K
}
Event: 41816.406 GC heap before
{Heap before GC invocations=298 (full 5):
 garbage-first heap   total 119808K, used 102910K [0x0000000090e00000, 0x0000000100000000)
  region size 1024K, 70 young (71680K), 1 survivors (1024K)
 Metaspace       used 77447K, committed 79680K, reserved 1122304K
  class space    used 9641K, committed 10176K, reserved 1048576K
}
Event: 41816.408 GC heap after
{Heap after GC invocations=299 (full 5):
 garbage-first heap   total 119808K, used 33220K [0x0000000090e00000, 0x0000000100000000)
  region size 1024K, 1 young (1024K), 1 survivors (1024K)
 Metaspace       used 77447K, committed 79680K, reserved 1122304K
  class space    used 9641K, committed 10176K, reserved 1048576K
}

